=== Running test05_sleepPerformance
=== Running test07_concat
=== Running test08_filter
=== Running test09_map
=== Running test01_maximum
=== Running test02_minimum
=== Running test03_all
=== Running test04_any
=== Running test06_burnPerformance
Test test05_sleepPerformance failed: java.lang.NoSuchMethodException: ru.ifmo.ctddev.muratov.iterativeparallelism.IterativeParallelism.<init>(info.kgeorgiy.java.advanced.mapper.ParallelMapper)
java.lang.AssertionError: java.lang.NoSuchMethodException: ru.ifmo.ctddev.muratov.iterativeparallelism.IterativeParallelism.<init>(info.kgeorgiy.java.advanced.mapper.ParallelMapper)
	at info.kgeorgiy.java.advanced.mapper.ScalarMapperTest.create(Unknown Source)
	at info.kgeorgiy.java.advanced.mapper.ScalarMapperTest.instance(Unknown Source)
	at info.kgeorgiy.java.advanced.mapper.ScalarMapperTest.createInstance(Unknown Source)
	at info.kgeorgiy.java.advanced.concurrent.ScalarIPTest.speed(Unknown Source)
	at info.kgeorgiy.java.advanced.concurrent.ScalarIPTest.speedup(Unknown Source)
	at info.kgeorgiy.java.advanced.mapper.ScalarMapperTest.test05_sleepPerformance(Unknown Source)
	at info.kgeorgiy.java.advanced.mapper.ListMapperTest.test05_sleepPerformance(Unknown Source)
	at sun.reflect.NativeMethodAccessorImpl.invoke0(Native Method)
	at sun.reflect.NativeMethodAccessorImpl.invoke(NativeMethodAccessorImpl.java:62)
	at sun.reflect.DelegatingMethodAccessorImpl.invoke(DelegatingMethodAccessorImpl.java:43)
	at java.lang.reflect.Method.invoke(Method.java:497)
	at org.junit.runners.model.FrameworkMethod$1.runReflectiveCall(FrameworkMethod.java:47)
	at org.junit.internal.runners.model.ReflectiveCallable.run(ReflectiveCallable.java:12)
	at org.junit.runners.model.FrameworkMethod.invokeExplosively(FrameworkMethod.java:44)
	at org.junit.internal.runners.statements.InvokeMethod.evaluate(InvokeMethod.java:17)
	at org.junit.rules.TestWatcher$1.evaluate(TestWatcher.java:55)
	at org.junit.rules.RunRules.evaluate(RunRules.java:20)
	at org.junit.runners.ParentRunner.runLeaf(ParentRunner.java:271)
	at org.junit.runners.BlockJUnit4ClassRunner.runChild(BlockJUnit4ClassRunner.java:70)
	at org.junit.runners.BlockJUnit4ClassRunner.runChild(BlockJUnit4ClassRunner.java:50)
	at org.junit.runners.ParentRunner$3.run(ParentRunner.java:238)
	at org.junit.runners.ParentRunner$1.schedule(ParentRunner.java:63)
	at org.junit.runners.ParentRunner.runChildren(ParentRunner.java:236)
	at org.junit.runners.ParentRunner.access$000(ParentRunner.java:53)
	at org.junit.runners.ParentRunner$2.evaluate(ParentRunner.java:229)
	at org.junit.internal.runners.statements.RunAfters.evaluate(RunAfters.java:27)
	at org.junit.runners.ParentRunner.run(ParentRunner.java:309)
	at org.junit.runners.Suite.runChild(Suite.java:127)
	at org.junit.runners.Suite.runChild(Suite.java:26)
	at org.junit.runners.ParentRunner$3.run(ParentRunner.java:238)
	at org.junit.runners.ParentRunner$1.schedule(ParentRunner.java:63)
	at org.junit.runners.ParentRunner.runChildren(ParentRunner.java:236)
	at org.junit.runners.ParentRunner.access$000(ParentRunner.java:53)
	at org.junit.runners.ParentRunner$2.evaluate(ParentRunner.java:229)
	at org.junit.runners.ParentRunner.run(ParentRunner.java:309)
	at org.junit.runner.JUnitCore.run(JUnitCore.java:160)
	at org.junit.runner.JUnitCore.run(JUnitCore.java:138)
	at org.junit.runner.JUnitCore.run(JUnitCore.java:117)
	at info.kgeorgiy.java.advanced.base.BaseTester.run(Unknown Source)
	at info.kgeorgiy.java.advanced.mapper.Tester.main(Unknown Source)
Caused by: java.lang.NoSuchMethodException: ru.ifmo.ctddev.muratov.iterativeparallelism.IterativeParallelism.<init>(info.kgeorgiy.java.advanced.mapper.ParallelMapper)
	at java.lang.Class.getConstructor0(Class.java:3082)
	at java.lang.Class.getConstructor(Class.java:1825)
	... 40 more
Test test07_concat failed: java.lang.NoSuchMethodException: ru.ifmo.ctddev.muratov.iterativeparallelism.IterativeParallelism.<init>(info.kgeorgiy.java.advanced.mapper.ParallelMapper)
java.lang.AssertionError: java.lang.NoSuchMethodException: ru.ifmo.ctddev.muratov.iterativeparallelism.IterativeParallelism.<init>(info.kgeorgiy.java.advanced.mapper.ParallelMapper)
	at info.kgeorgiy.java.advanced.mapper.ScalarMapperTest.create(Unknown Source)
	at info.kgeorgiy.java.advanced.mapper.ScalarMapperTest.instance(Unknown Source)
	at info.kgeorgiy.java.advanced.mapper.ListMapperTest.createInstance(Unknown Source)
	at info.kgeorgiy.java.advanced.concurrent.ScalarIPTest.test(Unknown Source)
	at info.kgeorgiy.java.advanced.concurrent.ListIPTest.test07_concat(Unknown Source)
	at sun.reflect.NativeMethodAccessorImpl.invoke0(Native Method)
	at sun.reflect.NativeMethodAccessorImpl.invoke(NativeMethodAccessorImpl.java:62)
	at sun.reflect.DelegatingMethodAccessorImpl.invoke(DelegatingMethodAccessorImpl.java:43)
	at java.lang.reflect.Method.invoke(Method.java:497)
	at org.junit.runners.model.FrameworkMethod$1.runReflectiveCall(FrameworkMethod.java:47)
	at org.junit.internal.runners.model.ReflectiveCallable.run(ReflectiveCallable.java:12)
	at org.junit.runners.model.FrameworkMethod.invokeExplosively(FrameworkMethod.java:44)
	at org.junit.internal.runners.statements.InvokeMethod.evaluate(InvokeMethod.java:17)
	at org.junit.rules.TestWatcher$1.evaluate(TestWatcher.java:55)
	at org.junit.rules.RunRules.evaluate(RunRules.java:20)
	at org.junit.runners.ParentRunner.runLeaf(ParentRunner.java:271)
	at org.junit.runners.BlockJUnit4ClassRunner.runChild(BlockJUnit4ClassRunner.java:70)
	at org.junit.runners.BlockJUnit4ClassRunner.runChild(BlockJUnit4ClassRunner.java:50)
	at org.junit.runners.ParentRunner$3.run(ParentRunner.java:238)
	at org.junit.runners.ParentRunner$1.schedule(ParentRunner.java:63)
	at org.junit.runners.ParentRunner.runChildren(ParentRunner.java:236)
	at org.junit.runners.ParentRunner.access$000(ParentRunner.java:53)
	at org.junit.runners.ParentRunner$2.evaluate(ParentRunner.java:229)
	at org.junit.internal.runners.statements.RunAfters.evaluate(RunAfters.java:27)
	at org.junit.runners.ParentRunner.run(ParentRunner.java:309)
	at org.junit.runners.Suite.runChild(Suite.java:127)
	at org.junit.runners.Suite.runChild(Suite.java:26)
	at org.junit.runners.ParentRunner$3.run(ParentRunner.java:238)
	at org.junit.runners.ParentRunner$1.schedule(ParentRunner.java:63)
	at org.junit.runners.ParentRunner.runChildren(ParentRunner.java:236)
	at org.junit.runners.ParentRunner.access$000(ParentRunner.java:53)
	at org.junit.runners.ParentRunner$2.evaluate(ParentRunner.java:229)
	at org.junit.runners.ParentRunner.run(ParentRunner.java:309)
	at org.junit.runner.JUnitCore.run(JUnitCore.java:160)
	at org.junit.runner.JUnitCore.run(JUnitCore.java:138)
	at org.junit.runner.JUnitCore.run(JUnitCore.java:117)
	at info.kgeorgiy.java.advanced.base.BaseTester.run(Unknown Source)
	at info.kgeorgiy.java.advanced.mapper.Tester.main(Unknown Source)
Caused by: java.lang.NoSuchMethodException: ru.ifmo.ctddev.muratov.iterativeparallelism.IterativeParallelism.<init>(info.kgeorgiy.java.advanced.mapper.ParallelMapper)
	at java.lang.Class.getConstructor0(Class.java:3082)
	at java.lang.Class.getConstructor(Class.java:1825)
	... 38 more
Test test08_filter failed: java.lang.NoSuchMethodException: ru.ifmo.ctddev.muratov.iterativeparallelism.IterativeParallelism.<init>(info.kgeorgiy.java.advanced.mapper.ParallelMapper)
java.lang.AssertionError: java.lang.NoSuchMethodException: ru.ifmo.ctddev.muratov.iterativeparallelism.IterativeParallelism.<init>(info.kgeorgiy.java.advanced.mapper.ParallelMapper)
	at info.kgeorgiy.java.advanced.mapper.ScalarMapperTest.create(Unknown Source)
	at info.kgeorgiy.java.advanced.mapper.ScalarMapperTest.instance(Unknown Source)
	at info.kgeorgiy.java.advanced.mapper.ListMapperTest.createInstance(Unknown Source)
	at info.kgeorgiy.java.advanced.concurrent.ScalarIPTest.test(Unknown Source)
	at info.kgeorgiy.java.advanced.concurrent.ListIPTest.test08_filter(Unknown Source)
	at sun.reflect.NativeMethodAccessorImpl.invoke0(Native Method)
	at sun.reflect.NativeMethodAccessorImpl.invoke(NativeMethodAccessorImpl.java:62)
	at sun.reflect.DelegatingMethodAccessorImpl.invoke(DelegatingMethodAccessorImpl.java:43)
	at java.lang.reflect.Method.invoke(Method.java:497)
	at org.junit.runners.model.FrameworkMethod$1.runReflectiveCall(FrameworkMethod.java:47)
	at org.junit.internal.runners.model.ReflectiveCallable.run(ReflectiveCallable.java:12)
	at org.junit.runners.model.FrameworkMethod.invokeExplosively(FrameworkMethod.java:44)
	at org.junit.internal.runners.statements.InvokeMethod.evaluate(InvokeMethod.java:17)
	at org.junit.rules.TestWatcher$1.evaluate(TestWatcher.java:55)
	at org.junit.rules.RunRules.evaluate(RunRules.java:20)
	at org.junit.runners.ParentRunner.runLeaf(ParentRunner.java:271)
	at org.junit.runners.BlockJUnit4ClassRunner.runChild(BlockJUnit4ClassRunner.java:70)
	at org.junit.runners.BlockJUnit4ClassRunner.runChild(BlockJUnit4ClassRunner.java:50)
	at org.junit.runners.ParentRunner$3.run(ParentRunner.java:238)
	at org.junit.runners.ParentRunner$1.schedule(ParentRunner.java:63)
	at org.junit.runners.ParentRunner.runChildren(ParentRunner.java:236)
	at org.junit.runners.ParentRunner.access$000(ParentRunner.java:53)
	at org.junit.runners.ParentRunner$2.evaluate(ParentRunner.java:229)
	at org.junit.internal.runners.statements.RunAfters.evaluate(RunAfters.java:27)
	at org.junit.runners.ParentRunner.run(ParentRunner.java:309)
	at org.junit.runners.Suite.runChild(Suite.java:127)
	at org.junit.runners.Suite.runChild(Suite.java:26)
	at org.junit.runners.ParentRunner$3.run(ParentRunner.java:238)
	at org.junit.runners.ParentRunner$1.schedule(ParentRunner.java:63)
	at org.junit.runners.ParentRunner.runChildren(ParentRunner.java:236)
	at org.junit.runners.ParentRunner.access$000(ParentRunner.java:53)
	at org.junit.runners.ParentRunner$2.evaluate(ParentRunner.java:229)
	at org.junit.runners.ParentRunner.run(ParentRunner.java:309)
	at org.junit.runner.JUnitCore.run(JUnitCore.java:160)
	at org.junit.runner.JUnitCore.run(JUnitCore.java:138)
	at org.junit.runner.JUnitCore.run(JUnitCore.java:117)
	at info.kgeorgiy.java.advanced.base.BaseTester.run(Unknown Source)
	at info.kgeorgiy.java.advanced.mapper.Tester.main(Unknown Source)
Caused by: java.lang.NoSuchMethodException: ru.ifmo.ctddev.muratov.iterativeparallelism.IterativeParallelism.<init>(info.kgeorgiy.java.advanced.mapper.ParallelMapper)
	at java.lang.Class.getConstructor0(Class.java:3082)
	at java.lang.Class.getConstructor(Class.java:1825)
	... 38 more
Test test09_map failed: java.lang.NoSuchMethodException: ru.ifmo.ctddev.muratov.iterativeparallelism.IterativeParallelism.<init>(info.kgeorgiy.java.advanced.mapper.ParallelMapper)
java.lang.AssertionError: java.lang.NoSuchMethodException: ru.ifmo.ctddev.muratov.iterativeparallelism.IterativeParallelism.<init>(info.kgeorgiy.java.advanced.mapper.ParallelMapper)
	at info.kgeorgiy.java.advanced.mapper.ScalarMapperTest.create(Unknown Source)
	at info.kgeorgiy.java.advanced.mapper.ScalarMapperTest.instance(Unknown Source)
	at info.kgeorgiy.java.advanced.mapper.ListMapperTest.createInstance(Unknown Source)
	at info.kgeorgiy.java.advanced.concurrent.ScalarIPTest.test(Unknown Source)
	at info.kgeorgiy.java.advanced.concurrent.ListIPTest.test09_map(Unknown Source)
	at sun.reflect.NativeMethodAccessorImpl.invoke0(Native Method)
	at sun.reflect.NativeMethodAccessorImpl.invoke(NativeMethodAccessorImpl.java:62)
	at sun.reflect.DelegatingMethodAccessorImpl.invoke(DelegatingMethodAccessorImpl.java:43)
	at java.lang.reflect.Method.invoke(Method.java:497)
	at org.junit.runners.model.FrameworkMethod$1.runReflectiveCall(FrameworkMethod.java:47)
	at org.junit.internal.runners.model.ReflectiveCallable.run(ReflectiveCallable.java:12)
	at org.junit.runners.model.FrameworkMethod.invokeExplosively(FrameworkMethod.java:44)
	at org.junit.internal.runners.statements.InvokeMethod.evaluate(InvokeMethod.java:17)
	at org.junit.rules.TestWatcher$1.evaluate(TestWatcher.java:55)
	at org.junit.rules.RunRules.evaluate(RunRules.java:20)
	at org.junit.runners.ParentRunner.runLeaf(ParentRunner.java:271)
	at org.junit.runners.BlockJUnit4ClassRunner.runChild(BlockJUnit4ClassRunner.java:70)
	at org.junit.runners.BlockJUnit4ClassRunner.runChild(BlockJUnit4ClassRunner.java:50)
	at org.junit.runners.ParentRunner$3.run(ParentRunner.java:238)
	at org.junit.runners.ParentRunner$1.schedule(ParentRunner.java:63)
	at org.junit.runners.ParentRunner.runChildren(ParentRunner.java:236)
	at org.junit.runners.ParentRunner.access$000(ParentRunner.java:53)
	at org.junit.runners.ParentRunner$2.evaluate(ParentRunner.java:229)
	at org.junit.internal.runners.statements.RunAfters.evaluate(RunAfters.java:27)
	at org.junit.runners.ParentRunner.run(ParentRunner.java:309)
	at org.junit.runners.Suite.runChild(Suite.java:127)
	at org.junit.runners.Suite.runChild(Suite.java:26)
	at org.junit.runners.ParentRunner$3.run(ParentRunner.java:238)
	at org.junit.runners.ParentRunner$1.schedule(ParentRunner.java:63)
	at org.junit.runners.ParentRunner.runChildren(ParentRunner.java:236)
	at org.junit.runners.ParentRunner.access$000(ParentRunner.java:53)
	at org.junit.runners.ParentRunner$2.evaluate(ParentRunner.java:229)
	at org.junit.runners.ParentRunner.run(ParentRunner.java:309)
	at org.junit.runner.JUnitCore.run(JUnitCore.java:160)
	at org.junit.runner.JUnitCore.run(JUnitCore.java:138)
	at org.junit.runner.JUnitCore.run(JUnitCore.java:117)
	at info.kgeorgiy.java.advanced.base.BaseTester.run(Unknown Source)
	at info.kgeorgiy.java.advanced.mapper.Tester.main(Unknown Source)
Caused by: java.lang.NoSuchMethodException: ru.ifmo.ctddev.muratov.iterativeparallelism.IterativeParallelism.<init>(info.kgeorgiy.java.advanced.mapper.ParallelMapper)
	at java.lang.Class.getConstructor0(Class.java:3082)
	at java.lang.Class.getConstructor(Class.java:1825)
	... 38 more
Test test01_maximum failed: java.lang.NoSuchMethodException: ru.ifmo.ctddev.muratov.iterativeparallelism.IterativeParallelism.<init>(info.kgeorgiy.java.advanced.mapper.ParallelMapper)
java.lang.AssertionError: java.lang.NoSuchMethodException: ru.ifmo.ctddev.muratov.iterativeparallelism.IterativeParallelism.<init>(info.kgeorgiy.java.advanced.mapper.ParallelMapper)
	at info.kgeorgiy.java.advanced.mapper.ScalarMapperTest.create(Unknown Source)
	at info.kgeorgiy.java.advanced.mapper.ScalarMapperTest.instance(Unknown Source)
	at info.kgeorgiy.java.advanced.mapper.ListMapperTest.createInstance(Unknown Source)
	at info.kgeorgiy.java.advanced.concurrent.ScalarIPTest.test(Unknown Source)
	at info.kgeorgiy.java.advanced.concurrent.ScalarIPTest.test01_maximum(Unknown Source)
	at sun.reflect.NativeMethodAccessorImpl.invoke0(Native Method)
	at sun.reflect.NativeMethodAccessorImpl.invoke(NativeMethodAccessorImpl.java:62)
	at sun.reflect.DelegatingMethodAccessorImpl.invoke(DelegatingMethodAccessorImpl.java:43)
	at java.lang.reflect.Method.invoke(Method.java:497)
	at org.junit.runners.model.FrameworkMethod$1.runReflectiveCall(FrameworkMethod.java:47)
	at org.junit.internal.runners.model.ReflectiveCallable.run(ReflectiveCallable.java:12)
	at org.junit.runners.model.FrameworkMethod.invokeExplosively(FrameworkMethod.java:44)
	at org.junit.internal.runners.statements.InvokeMethod.evaluate(InvokeMethod.java:17)
	at org.junit.rules.TestWatcher$1.evaluate(TestWatcher.java:55)
	at org.junit.rules.RunRules.evaluate(RunRules.java:20)
	at org.junit.runners.ParentRunner.runLeaf(ParentRunner.java:271)
	at org.junit.runners.BlockJUnit4ClassRunner.runChild(BlockJUnit4ClassRunner.java:70)
	at org.junit.runners.BlockJUnit4ClassRunner.runChild(BlockJUnit4ClassRunner.java:50)
	at org.junit.runners.ParentRunner$3.run(ParentRunner.java:238)
	at org.junit.runners.ParentRunner$1.schedule(ParentRunner.java:63)
	at org.junit.runners.ParentRunner.runChildren(ParentRunner.java:236)
	at org.junit.runners.ParentRunner.access$000(ParentRunner.java:53)
	at org.junit.runners.ParentRunner$2.evaluate(ParentRunner.java:229)
	at org.junit.internal.runners.statements.RunAfters.evaluate(RunAfters.java:27)
	at org.junit.runners.ParentRunner.run(ParentRunner.java:309)
	at org.junit.runners.Suite.runChild(Suite.java:127)
	at org.junit.runners.Suite.runChild(Suite.java:26)
	at org.junit.runners.ParentRunner$3.run(ParentRunner.java:238)
	at org.junit.runners.ParentRunner$1.schedule(ParentRunner.java:63)
	at org.junit.runners.ParentRunner.runChildren(ParentRunner.java:236)
	at org.junit.runners.ParentRunner.access$000(ParentRunner.java:53)
	at org.junit.runners.ParentRunner$2.evaluate(ParentRunner.java:229)
	at org.junit.runners.ParentRunner.run(ParentRunner.java:309)
	at org.junit.runner.JUnitCore.run(JUnitCore.java:160)
	at org.junit.runner.JUnitCore.run(JUnitCore.java:138)
	at org.junit.runner.JUnitCore.run(JUnitCore.java:117)
	at info.kgeorgiy.java.advanced.base.BaseTester.run(Unknown Source)
	at info.kgeorgiy.java.advanced.mapper.Tester.main(Unknown Source)
Caused by: java.lang.NoSuchMethodException: ru.ifmo.ctddev.muratov.iterativeparallelism.IterativeParallelism.<init>(info.kgeorgiy.java.advanced.mapper.ParallelMapper)
	at java.lang.Class.getConstructor0(Class.java:3082)
	at java.lang.Class.getConstructor(Class.java:1825)
	... 38 more
Test test02_minimum failed: java.lang.NoSuchMethodException: ru.ifmo.ctddev.muratov.iterativeparallelism.IterativeParallelism.<init>(info.kgeorgiy.java.advanced.mapper.ParallelMapper)
java.lang.AssertionError: java.lang.NoSuchMethodException: ru.ifmo.ctddev.muratov.iterativeparallelism.IterativeParallelism.<init>(info.kgeorgiy.java.advanced.mapper.ParallelMapper)
	at info.kgeorgiy.java.advanced.mapper.ScalarMapperTest.create(Unknown Source)
	at info.kgeorgiy.java.advanced.mapper.ScalarMapperTest.instance(Unknown Source)
	at info.kgeorgiy.java.advanced.mapper.ListMapperTest.createInstance(Unknown Source)
	at info.kgeorgiy.java.advanced.concurrent.ScalarIPTest.test(Unknown Source)
	at info.kgeorgiy.java.advanced.concurrent.ScalarIPTest.test02_minimum(Unknown Source)
	at sun.reflect.NativeMethodAccessorImpl.invoke0(Native Method)
	at sun.reflect.NativeMethodAccessorImpl.invoke(NativeMethodAccessorImpl.java:62)
	at sun.reflect.DelegatingMethodAccessorImpl.invoke(DelegatingMethodAccessorImpl.java:43)
	at java.lang.reflect.Method.invoke(Method.java:497)
	at org.junit.runners.model.FrameworkMethod$1.runReflectiveCall(FrameworkMethod.java:47)
	at org.junit.internal.runners.model.ReflectiveCallable.run(ReflectiveCallable.java:12)
	at org.junit.runners.model.FrameworkMethod.invokeExplosively(FrameworkMethod.java:44)
	at org.junit.internal.runners.statements.InvokeMethod.evaluate(InvokeMethod.java:17)
	at org.junit.rules.TestWatcher$1.evaluate(TestWatcher.java:55)
	at org.junit.rules.RunRules.evaluate(RunRules.java:20)
	at org.junit.runners.ParentRunner.runLeaf(ParentRunner.java:271)
	at org.junit.runners.BlockJUnit4ClassRunner.runChild(BlockJUnit4ClassRunner.java:70)
	at org.junit.runners.BlockJUnit4ClassRunner.runChild(BlockJUnit4ClassRunner.java:50)
	at org.junit.runners.ParentRunner$3.run(ParentRunner.java:238)
	at org.junit.runners.ParentRunner$1.schedule(ParentRunner.java:63)
	at org.junit.runners.ParentRunner.runChildren(ParentRunner.java:236)
	at org.junit.runners.ParentRunner.access$000(ParentRunner.java:53)
	at org.junit.runners.ParentRunner$2.evaluate(ParentRunner.java:229)
	at org.junit.internal.runners.statements.RunAfters.evaluate(RunAfters.java:27)
	at org.junit.runners.ParentRunner.run(ParentRunner.java:309)
	at org.junit.runners.Suite.runChild(Suite.java:127)
	at org.junit.runners.Suite.runChild(Suite.java:26)
	at org.junit.runners.ParentRunner$3.run(ParentRunner.java:238)
	at org.junit.runners.ParentRunner$1.schedule(ParentRunner.java:63)
	at org.junit.runners.ParentRunner.runChildren(ParentRunner.java:236)
	at org.junit.runners.ParentRunner.access$000(ParentRunner.java:53)
	at org.junit.runners.ParentRunner$2.evaluate(ParentRunner.java:229)
	at org.junit.runners.ParentRunner.run(ParentRunner.java:309)
	at org.junit.runner.JUnitCore.run(JUnitCore.java:160)
	at org.junit.runner.JUnitCore.run(JUnitCore.java:138)
	at org.junit.runner.JUnitCore.run(JUnitCore.java:117)
	at info.kgeorgiy.java.advanced.base.BaseTester.run(Unknown Source)
	at info.kgeorgiy.java.advanced.mapper.Tester.main(Unknown Source)
Caused by: java.lang.NoSuchMethodException: ru.ifmo.ctddev.muratov.iterativeparallelism.IterativeParallelism.<init>(info.kgeorgiy.java.advanced.mapper.ParallelMapper)
	at java.lang.Class.getConstructor0(Class.java:3082)
	at java.lang.Class.getConstructor(Class.java:1825)
	... 38 more
Test test03_all failed: java.lang.NoSuchMethodException: ru.ifmo.ctddev.muratov.iterativeparallelism.IterativeParallelism.<init>(info.kgeorgiy.java.advanced.mapper.ParallelMapper)
java.lang.AssertionError: java.lang.NoSuchMethodException: ru.ifmo.ctddev.muratov.iterativeparallelism.IterativeParallelism.<init>(info.kgeorgiy.java.advanced.mapper.ParallelMapper)
	at info.kgeorgiy.java.advanced.mapper.ScalarMapperTest.create(Unknown Source)
	at info.kgeorgiy.java.advanced.mapper.ScalarMapperTest.instance(Unknown Source)
	at info.kgeorgiy.java.advanced.mapper.ListMapperTest.createInstance(Unknown Source)
	at info.kgeorgiy.java.advanced.concurrent.ScalarIPTest.test(Unknown Source)
	at info.kgeorgiy.java.advanced.concurrent.ScalarIPTest.test03_all(Unknown Source)
	at sun.reflect.NativeMethodAccessorImpl.invoke0(Native Method)
	at sun.reflect.NativeMethodAccessorImpl.invoke(NativeMethodAccessorImpl.java:62)
	at sun.reflect.DelegatingMethodAccessorImpl.invoke(DelegatingMethodAccessorImpl.java:43)
	at java.lang.reflect.Method.invoke(Method.java:497)
	at org.junit.runners.model.FrameworkMethod$1.runReflectiveCall(FrameworkMethod.java:47)
	at org.junit.internal.runners.model.ReflectiveCallable.run(ReflectiveCallable.java:12)
	at org.junit.runners.model.FrameworkMethod.invokeExplosively(FrameworkMethod.java:44)
	at org.junit.internal.runners.statements.InvokeMethod.evaluate(InvokeMethod.java:17)
	at org.junit.rules.TestWatcher$1.evaluate(TestWatcher.java:55)
	at org.junit.rules.RunRules.evaluate(RunRules.java:20)
	at org.junit.runners.ParentRunner.runLeaf(ParentRunner.java:271)
	at org.junit.runners.BlockJUnit4ClassRunner.runChild(BlockJUnit4ClassRunner.java:70)
	at org.junit.runners.BlockJUnit4ClassRunner.runChild(BlockJUnit4ClassRunner.java:50)
	at org.junit.runners.ParentRunner$3.run(ParentRunner.java:238)
	at org.junit.runners.ParentRunner$1.schedule(ParentRunner.java:63)
	at org.junit.runners.ParentRunner.runChildren(ParentRunner.java:236)
	at org.junit.runners.ParentRunner.access$000(ParentRunner.java:53)
	at org.junit.runners.ParentRunner$2.evaluate(ParentRunner.java:229)
	at org.junit.internal.runners.statements.RunAfters.evaluate(RunAfters.java:27)
	at org.junit.runners.ParentRunner.run(ParentRunner.java:309)
	at org.junit.runners.Suite.runChild(Suite.java:127)
	at org.junit.runners.Suite.runChild(Suite.java:26)
	at org.junit.runners.ParentRunner$3.run(ParentRunner.java:238)
	at org.junit.runners.ParentRunner$1.schedule(ParentRunner.java:63)
	at org.junit.runners.ParentRunner.runChildren(ParentRunner.java:236)
	at org.junit.runners.ParentRunner.access$000(ParentRunner.java:53)
	at org.junit.runners.ParentRunner$2.evaluate(ParentRunner.java:229)
	at org.junit.runners.ParentRunner.run(ParentRunner.java:309)
	at org.junit.runner.JUnitCore.run(JUnitCore.java:160)
	at org.junit.runner.JUnitCore.run(JUnitCore.java:138)
	at org.junit.runner.JUnitCore.run(JUnitCore.java:117)
	at info.kgeorgiy.java.advanced.base.BaseTester.run(Unknown Source)
	at info.kgeorgiy.java.advanced.mapper.Tester.main(Unknown Source)
Caused by: java.lang.NoSuchMethodException: ru.ifmo.ctddev.muratov.iterativeparallelism.IterativeParallelism.<init>(info.kgeorgiy.java.advanced.mapper.ParallelMapper)
	at java.lang.Class.getConstructor0(Class.java:3082)
	at java.lang.Class.getConstructor(Class.java:1825)
	... 38 more
Test test04_any failed: java.lang.NoSuchMethodException: ru.ifmo.ctddev.muratov.iterativeparallelism.IterativeParallelism.<init>(info.kgeorgiy.java.advanced.mapper.ParallelMapper)
java.lang.AssertionError: java.lang.NoSuchMethodException: ru.ifmo.ctddev.muratov.iterativeparallelism.IterativeParallelism.<init>(info.kgeorgiy.java.advanced.mapper.ParallelMapper)
	at info.kgeorgiy.java.advanced.mapper.ScalarMapperTest.create(Unknown Source)
	at info.kgeorgiy.java.advanced.mapper.ScalarMapperTest.instance(Unknown Source)
	at info.kgeorgiy.java.advanced.mapper.ListMapperTest.createInstance(Unknown Source)
	at info.kgeorgiy.java.advanced.concurrent.ScalarIPTest.test(Unknown Source)
	at info.kgeorgiy.java.advanced.concurrent.ScalarIPTest.test04_any(Unknown Source)
	at sun.reflect.NativeMethodAccessorImpl.invoke0(Native Method)
	at sun.reflect.NativeMethodAccessorImpl.invoke(NativeMethodAccessorImpl.java:62)
	at sun.reflect.DelegatingMethodAccessorImpl.invoke(DelegatingMethodAccessorImpl.java:43)
	at java.lang.reflect.Method.invoke(Method.java:497)
	at org.junit.runners.model.FrameworkMethod$1.runReflectiveCall(FrameworkMethod.java:47)
	at org.junit.internal.runners.model.ReflectiveCallable.run(ReflectiveCallable.java:12)
	at org.junit.runners.model.FrameworkMethod.invokeExplosively(FrameworkMethod.java:44)
	at org.junit.internal.runners.statements.InvokeMethod.evaluate(InvokeMethod.java:17)
	at org.junit.rules.TestWatcher$1.evaluate(TestWatcher.java:55)
	at org.junit.rules.RunRules.evaluate(RunRules.java:20)
	at org.junit.runners.ParentRunner.runLeaf(ParentRunner.java:271)
	at org.junit.runners.BlockJUnit4ClassRunner.runChild(BlockJUnit4ClassRunner.java:70)
	at org.junit.runners.BlockJUnit4ClassRunner.runChild(BlockJUnit4ClassRunner.java:50)
	at org.junit.runners.ParentRunner$3.run(ParentRunner.java:238)
	at org.junit.runners.ParentRunner$1.schedule(ParentRunner.java:63)
	at org.junit.runners.ParentRunner.runChildren(ParentRunner.java:236)
	at org.junit.runners.ParentRunner.access$000(ParentRunner.java:53)
	at org.junit.runners.ParentRunner$2.evaluate(ParentRunner.java:229)
	at org.junit.internal.runners.statements.RunAfters.evaluate(RunAfters.java:27)
	at org.junit.runners.ParentRunner.run(ParentRunner.java:309)
	at org.junit.runners.Suite.runChild(Suite.java:127)
	at org.junit.runners.Suite.runChild(Suite.java:26)
	at org.junit.runners.ParentRunner$3.run(ParentRunner.java:238)
	at org.junit.runners.ParentRunner$1.schedule(ParentRunner.java:63)
	at org.junit.runners.ParentRunner.runChildren(ParentRunner.java:236)
	at org.junit.runners.ParentRunner.access$000(ParentRunner.java:53)
	at org.junit.runners.ParentRunner$2.evaluate(ParentRunner.java:229)
	at org.junit.runners.ParentRunner.run(ParentRunner.java:309)
	at org.junit.runner.JUnitCore.run(JUnitCore.java:160)
	at org.junit.runner.JUnitCore.run(JUnitCore.java:138)
	at org.junit.runner.JUnitCore.run(JUnitCore.java:117)
	at info.kgeorgiy.java.advanced.base.BaseTester.run(Unknown Source)
	at info.kgeorgiy.java.advanced.mapper.Tester.main(Unknown Source)
Caused by: java.lang.NoSuchMethodException: ru.ifmo.ctddev.muratov.iterativeparallelism.IterativeParallelism.<init>(info.kgeorgiy.java.advanced.mapper.ParallelMapper)
	at java.lang.Class.getConstructor0(Class.java:3082)
	at java.lang.Class.getConstructor(Class.java:1825)
	... 38 more
Test test06_burnPerformance failed: java.lang.NoSuchMethodException: ru.ifmo.ctddev.muratov.iterativeparallelism.IterativeParallelism.<init>(info.kgeorgiy.java.advanced.mapper.ParallelMapper)
java.lang.AssertionError: java.lang.NoSuchMethodException: ru.ifmo.ctddev.muratov.iterativeparallelism.IterativeParallelism.<init>(info.kgeorgiy.java.advanced.mapper.ParallelMapper)
	at info.kgeorgiy.java.advanced.mapper.ScalarMapperTest.create(Unknown Source)
	at info.kgeorgiy.java.advanced.mapper.ScalarMapperTest.instance(Unknown Source)
	at info.kgeorgiy.java.advanced.mapper.ListMapperTest.createInstance(Unknown Source)
	at info.kgeorgiy.java.advanced.concurrent.ScalarIPTest.speed(Unknown Source)
	at info.kgeorgiy.java.advanced.concurrent.ScalarIPTest.speedup(Unknown Source)
	at info.kgeorgiy.java.advanced.concurrent.ScalarIPTest.test06_burnPerformance(Unknown Source)
	at sun.reflect.NativeMethodAccessorImpl.invoke0(Native Method)
	at sun.reflect.NativeMethodAccessorImpl.invoke(NativeMethodAccessorImpl.java:62)
	at sun.reflect.DelegatingMethodAccessorImpl.invoke(DelegatingMethodAccessorImpl.java:43)
	at java.lang.reflect.Method.invoke(Method.java:497)
	at org.junit.runners.model.FrameworkMethod$1.runReflectiveCall(FrameworkMethod.java:47)
	at org.junit.internal.runners.model.ReflectiveCallable.run(ReflectiveCallable.java:12)
	at org.junit.runners.model.FrameworkMethod.invokeExplosively(FrameworkMethod.java:44)
	at org.junit.internal.runners.statements.InvokeMethod.evaluate(InvokeMethod.java:17)
	at org.junit.rules.TestWatcher$1.evaluate(TestWatcher.java:55)
	at org.junit.rules.RunRules.evaluate(RunRules.java:20)
	at org.junit.runners.ParentRunner.runLeaf(ParentRunner.java:271)
	at org.junit.runners.BlockJUnit4ClassRunner.runChild(BlockJUnit4ClassRunner.java:70)
	at org.junit.runners.BlockJUnit4ClassRunner.runChild(BlockJUnit4ClassRunner.java:50)
	at org.junit.runners.ParentRunner$3.run(ParentRunner.java:238)
	at org.junit.runners.ParentRunner$1.schedule(ParentRunner.java:63)
	at org.junit.runners.ParentRunner.runChildren(ParentRunner.java:236)
	at org.junit.runners.ParentRunner.access$000(ParentRunner.java:53)
	at org.junit.runners.ParentRunner$2.evaluate(ParentRunner.java:229)
	at org.junit.internal.runners.statements.RunAfters.evaluate(RunAfters.java:27)
	at org.junit.runners.ParentRunner.run(ParentRunner.java:309)
	at org.junit.runners.Suite.runChild(Suite.java:127)
	at org.junit.runners.Suite.runChild(Suite.java:26)
	at org.junit.runners.ParentRunner$3.run(ParentRunner.java:238)
	at org.junit.runners.ParentRunner$1.schedule(ParentRunner.java:63)
	at org.junit.runners.ParentRunner.runChildren(ParentRunner.java:236)
	at org.junit.runners.ParentRunner.access$000(ParentRunner.java:53)
	at org.junit.runners.ParentRunner$2.evaluate(ParentRunner.java:229)
	at org.junit.runners.ParentRunner.run(ParentRunner.java:309)
	at org.junit.runner.JUnitCore.run(JUnitCore.java:160)
	at org.junit.runner.JUnitCore.run(JUnitCore.java:138)
	at org.junit.runner.JUnitCore.run(JUnitCore.java:117)
	at info.kgeorgiy.java.advanced.base.BaseTester.run(Unknown Source)
	at info.kgeorgiy.java.advanced.mapper.Tester.main(Unknown Source)
Caused by: java.lang.NoSuchMethodException: ru.ifmo.ctddev.muratov.iterativeparallelism.IterativeParallelism.<init>(info.kgeorgiy.java.advanced.mapper.ParallelMapper)
	at java.lang.Class.getConstructor0(Class.java:3082)
	at java.lang.Class.getConstructor(Class.java:1825)
	... 39 more
